Wed May 02 12:18:01 CEST 2018 : Apache Derby Network Server - 10.11.1.2 - (1629631) démarré et prêt à accepter les connexions sur le port 1527
----------------------------------------------------------------
Wed May 02 12:18:02 CEST 2018:
Amorçage de Derby version The Apache Software Foundation - Apache Derby - 10.11.1.2 - (1629631) : instance a816c00e-0163-205b-dd9d-00007fd71bb9 
dans le répertoire de base de données C:\Users\malik\Documents\GitHub\SpaceLib\SpaceLibBD avec le chargeur de classe sun.misc.Launcher$AppClassLoader@266474c2
Chargé de file:/C:/Program%20Files/Java/jdk1.8.0_162/db/lib/derby.jar
java.vendor=Oracle Corporation
java.runtime.version=1.8.0_162-b12
user.dir=C:\Program Files\Java\jdk1.8.0_162\db
os.name=Windows 10
os.arch=amd64
os.version=10.0
derby.system.home=C:\Users\malik\Documents\GitHub\SpaceLib
Chargeur de classe de la base de données démarré - derby.database.classpath = ''
----------------------------------------------------------------
Wed May 02 12:43:54 CEST 2018 : fermeture du moteur Derby
----------------------------------------------------------------
Wed May 02 12:43:54 CEST 2018:
Fermeture de l'instance a816c00e-0163-205b-dd9d-00007fd71bb9 sur le répertoire de base de données C:\Users\malik\Documents\GitHub\SpaceLib\SpaceLibBD avec le chargeur de classe sun.misc.Launcher$AppClassLoader@266474c2 
----------------------------------------------------------------
